STRG.1.1
TAAATTTCTTTTATTT
AAATTTCTTTTATTT
TTCATTTTTTATTT
AAAAGCATAAATCG
CCAACAAAGCCAGT
AATTTCTTTTATTT
CACTTTAAACCCAA
TTTCTTTTATTTTC
TTATAAAAAAATT
GTATAAACACAAA
TCATTTTTTATTT
GGAAACACTGCAG
TTTCTGCGCAGCT
CGGAGTTGAATTG
AAAGCATAAATCG
TTAAATTAAATTA
ACTTTGTTAAACA
TTTAATAAATTGT
TAATTTTTGCATT
AAATAGCATTCTG
CGGAGAAGCAATT
CAACAAAGCCAGT
GAATGCCGCAGCA
GGTTAAAATATTG
ATTTCTTTTATTT
ACTTTAAACCCAA
TTCTTTTATTTTC
CGACCATTTAAAT
AGATGTCGCTGA
TATTTATGATTT
CGTGGTGTAAAT
ATTTTTTAAATT
TATAAAAAAATT
TATAAACACAAA
TTTTGCATTCTC
GTGTTCAGCAAG
CATTTTTTATTT
GCTAATAATATT
GAAACACTGCAG
TAATTATTTATG
TTCTGCGCAGCT
ATAGATAACCCA
CGCCATATCTTC
TATTTTATTTAA
GGAGTTGAATTG
CTTGGAATCGAA
CAGCTGAATGCC
AAGCATAAATCG
ATCGCGACTTTG
TAAATTAAATTA
GAACGCAAAAAA
CAGCAACAAATG
CGCAGCTGCAGA
TCAATCCGCCAA
GAGCTGGAGATG
CTTTGTTAAACA
TTTTATCAGTAC
TAAATTTCTTTT
GCCGTCGAATGT
GACCATTTAAAT
ATTTCTAATTTA
TTAATAAATTGT
AATTTTTGCATT
AATTTTTGCATT
AAACAGAAATGA
AATAGCATTCTG
GGAGAAGCAATT
AACAAAGCCAGT
AATGCCGCAGCA
ATTTAAATATGA
CGTGGTGTAAAT
AGTTGAATTGTA
GTTAAAATATTG
TTTCTTTTATTT
GTTTTTATGAGT
CTTTAAACCCAA
CTACTAATTATT
TCTTTTATTTTC
CAGCCAGCATAA
AGTACTAGTTCT
AGTTGCATACAA
GACCATTTAAAT
CAGCATGGCTTT
AACCCACCACAA
ATTTAATAAATT
AATATAAAATA
GATGTCGCTGA
AGCGCCTGAAG
AAAATCGAACG
AGCATAACCAA
GAAGGATCTGA
GGAGAAGCACT
GGAACAGAAGG
ATTTATGATTT
TCTGTGTGTTC
GTGGTGTAAAT
AAACGAACGGA
AGAGGACTTGG
TTTGAAAATAA
TTTTTTAAATT
ATAAAAAAATT
TTAAATTAAAT
TATATAATTGA
TTTGTGTTCTA
CAATTAAAAAA
TTTGTGTTTTG
ATAAACACAAA
TTTTGCATTCT
TTTGCATTCTC
TGTTCAGCAAG
ATTTTTTATTT
ATTAAAAATCC
CTAATAATATT
AAACACTGCAG
CAAATATTAAT
TATATACAATA
GTTTTTTCCGG
AATTATTTATG
TCAAATTAATT
TCTGCGCAGCT
TAGATAACCCA
GCAGCGAATCA
GCCATATCTTC
GCTGGCCTATC
TTTATTCTCAT
ATTTTATTTAA
TTCAAAAAATT
TTACCCGAAAA
GAGTTGAATTG
TCAAAAACTTT
AGTTCAAAAAA
AGGGGCTTTAA
CGAACGGAGAC
TGTGTGTGTTA
ATTTAATTTTA
CGGGGACAGCA
TGTAAAATATT
TTAAATTAAAC
GATAAATAATT
TTATTTTCGGT
GCATACTTTCG
CAGTTGGAGCA
CAGTTGGAGCA
CAGTTGGAGCA
TTGGAATCGAA
GCAAGTTAATG
AGCTGAATGCC
AGCATAAATCG
TGGTGAGCAAA
ACATATTTATT
TCGCGACTTTG
ATTGTAAAGTA
TTTGTGTGTGT
AAATTAAATTA
AAATTAAATTA
GGCCTGCAGAG
AACGCAAAAAA
AATAAAACATG
AGCAACAAATG
GCAGAGGAAAA
CAGAGGAAAAG
GCAGCTGCAGA
CAATCCGCCAA
GCAGCAGCCCA
TTATTGTTGGT
CCCTTACAAAA
AGAGCTGGAGA
TAATGTCAACA
TGCCGCAGCAG
TTATATAGGAA
ATACCGATAAA
AGCTGGAGATG
GTGCTCGGATT
ATTTGCCAAAA
AATTAAAAATC
TGTGTGGAAGG
AACAAATGCCA
TGACCTTTGAA
AAAATTAAATT
GAATAAATACG
TTAAATTAAAT
CACGTCCAGAG
TTTGTTAAACA
AACGCAACCTG
TTTATCAGTAC
AATTTGTTGTA
AATGTTAATTA
GATTATAAAAA
TTTGTGTGTGT
CTGCGCAGCTT
AAATTTCTTTT
CCGTCGAATGT
CAATTAATTCT
ACCATTTAAAT
TGCAATTAAAA
CAATTAAAACA
ATAATTCAAAT
GCTGAATGCCG
TAATTGAGTAT
AAGAGCTGGAG
GGAGAGGCGGA
AAAAGCATAAA
AGGAGAGCAGC
TTTCTAATTTA
TAATAAATTGT
ATTTTTGCATT
AATTTAATTTT
AAATATAAGCT
AAATTGCAAAC
ATGTTAATTAT
AGACAACAAAA
ATAATTACAAA
ATAATTACAAA
ACCTTTTTGCT
ATTTTTGCATT
AACAGAAATGA
GAATACATACA
ATAAAACAGAT
TTCGTCACTTT
AAATTAATTGT
ATAGCATTCTG
GAGAAGCAATT
TTATGAGTTTT
GAAGCACTGTA
TTCGCAAGGGT
GGATAAATAAT
ACAAAGCCAGT
ATGCCGCAGCA
CGGCAGCGAAT
AGTGTTCAGCA
TTTAAATATGA
GTGGTGTAAAT
TGCCGCAGCAG
AAATCTATAAT
GTTGAATTGTA
TTAAAATATTG
GACCAGGACCA
TAAAAGTTGAC
TTCTTTTATTT
AGCGCCATATC
GCATCTGTCCA
TTTTTATGAGT
TGTAAATATAT
GTCGGCAAGTG
TCATCGCTGCA
TTTAAACCCAA
AGAACAGTGCG
TACTAATTATT
ATTTATAATTT
CTTTTATTTTC
AGCCAGCATAA
TTGAATTGTAC
CTTCAAGTACT
GTACTAGTTCT
GTTGCATACAA
CATTAATGGAG
ACCATTTAAAT
AGCATGGCTTT
ACCCACCACAA
ACATTTACCAT
GCCGCATCCAT
TTTAATAAATT
TTTCTCAACAT
AAAGGGCAGCA
TTTCTATTTTT
STRG.2.1
AAAGTGTGTTTATT
TTCCCTAAAAGAT
GAAAGAAAATCCC
CCAAAAAAGAAAA
GCAGCAACAACAA
AGAAACCGCCGAG
TTCGTAACATGGA
TTAAAAACACATT
AAGTGTGTTTATT
GAAGTCCAAGCAG
GCGAACTGCATTG
TCCCTAAAAGAT
TTGTTTTTCATT
AAAGAAAATCCC
CATTAAACAACA
CAAAAAAGAAAA
CAGCAACAACAA
ACAGCGGATCCC
GAAACCGCCGAG
TCGTAACATGGA
TGCCACAGCTAA
ATACATTTACAG
TGCAGTCGATCC
CACTGCCAGAGC
TAAAAACACATT
AGTGTGTTTATT
AAGTCCAAGCAG
GCTTTCAAATAT
CGAACTGCATTG
AGCGGAAATCGA
GGAGACGCAACA
TTTGCGCTGCC
TTTTGTTTTGC
AGGAGAAGAAA
AAATATAGCAA
AAGGCGAACTG
AACGCCATCAA
CACACGAAAAT
GCTGGCTGACT
CCCTAAAAGAT
GGAGGATGAAG
CAACAACAAGA
AGCAATCCAGG
ATCGCAGGCGA
TGTTTTTCATT
CAGAAAACTGT
CAGCAACCCAA
GAAGTATTTCC
AAGTGAATAAA
AAGAAAATCCC
TCAGCTGAAGC
TGGGAGCGAAC
TGGAGCTGGCC
CACCAACGCCC
CAGCAACAACA
ATTAAACAACA
TTGACGCTTTG
GCCTTTTGTTT
CTTTCTCCTTA
GTGGCAGAAGT
ATTTCGCCCCA
ACTCCTTAAGC
CGTGACAGATA
GTGTGTGTGTC
CTGAAGGATAA
AGTGTGTGTGT
GGCGAACTGCA
CACCCACAAGT
AAACATAGCAT
AGTGTGTGTGT
AGTGTGTGTGT
TTAATTTAGAA
AAAAAAGAAAA
TAAGACAAAGT
AGCAACAACAA
CAGCGGATCCC
AAACCGCCGAG
CGTAACATGGA
AAAGCAGGCAC
AAAGAAAAGTG
TCACAAAAAGG
AAAAGTTCAAA
CTTTTTTCGCA
GCCACAGCTAA
TACATTTACAG
GTGTGTTTATT
AATGTCAGACA
CTGCATTGCAA
TGTTGATGCTT
GCGCTGCCAAC
GCAGTCGATCC
CACACCGACAC
AGTGTGTGTGT
ACTGCCAGAGC
CTATTAATGAA
AAAACATACTC
GTCAACGTCAA
ATATTTGGCCC
TCCTCATCCTC
CTTGGCTGCAT
GAAAGGAGTAA
AATAAACTTCA
AAAAACACATT
CTTCTTCAAGA
GTGTGTTTATT
CAATTTCTAAT
TTTCTCCTTAG
CCATATTTGGC
GCCAAAAAAGA
AATTTTAAAAG
TGCGAGGGAAG
GTTCTTATTTC
TTTATTTTTAA
GAAGTCCAAGC
AGTCCAAGCAG
GCCTTTTGTTT
AATCAAAGATT
CAAAGCTGCGC
GAGTCCGGAAA
CTTTCAAATAT
GCCAAAAAAGA
GAACTGCATTG
TGGAAAATATT
CTTTCTCCTTA
CAGAAACGTCG
TGCAGCAGAAT
TTTTTCATTTT
TAATTTGTTTC
TTCTTCATCAT
TTTGCCTTTTG
CCAAATGAAAA
CCTGAAGTCCA
CCTTTTGTTTT
GCTCTGCAAAT
GCGGAAATCGA
GAGACGCAACA
CACAAAAAGGC
CAAATGAAAAG
TTTTTCATTTT
TGCCAACTGTC
AGTTCTTCATC
STRG.2.2
ATAAATAATGATGCTGA
TAAATAATGATGCTGA
AAATAATGATGCTGA
AAAGTGTGTTTATT
AATAATGATGCTGA
TTCCCTAAAAGAT
GAAAGAAAATCCC
CCAAAAAAGAAAA
GCAGCAACAACAA
AGAAACCGCCGAG
TTCGTAACATGGA
TTAAAAACACATT
AAGTGTGTTTATT
GAAGTCCAAGCAG
ATAATGATGCTGA
GCGAACTGCATTG
TTTTGTTTTTAAT
TCCCTAAAAGAT
AGATATTTATTT
TTGTTTTTCATT
AATCCAGAATAT
AAAGAAAATCCC
CATTAAACAACA
ATGTAAATAAAT
CAAAAAAGAAAA
CAGCAACAACAA
ACAGCGGATCCC
GAAACCGCCGAG
TCGTAACATGGA
TGCCACAGCTAA
ATACATTTACAG
TGCAGTCGATCC
CACTGCCAGAGC
TAAAAACACATT
AGTGTGTTTATT
AAGTCCAAGCAG
TAATGATGCTGA
GCTTTCAAATAT
CGAACTGCATTG
AGCGGAAATCGA
TTTGTTTTTAAT
GGAGACGCAACA
TTTGCGCTGCC
TTTTGTTTTGC
AGGAGAAGAAA
AAATATAGCAA
AAGGCGAACTG
AACGCCATCAA
CACACGAAAAT
GCTGGCTGACT
CCCTAAAAGAT
GGAGGATGAAG
CAACAACAAGA
AGCAATCCAGG
ATCGCAGGCGA
GATATTTATTT
TGTTTTTCATT
TGCTGAAAATT
CAGAAAACTGT
ATCCAGAATAT
CAGCAACCCAA
GAAGTATTTCC
AAGTGAATAAA
AAGAAAATCCC
TCAGCTGAAGC
ATGTAAATAAA
TGGGAGCGAAC
TGGAGCTGGCC
TAAATAAATAA
CACCAACGCCC
CAGCAACAACA
ATTAAACAACA
TTGACGCTTTG
GCCTTTTGTTT
CTTTCTCCTTA
GTGGCAGAAGT
ATTTCGCCCCA
ACTCCTTAAGC
TGTAAATAAAT
CGTGACAGATA
AAATAAATAAT
GTGTGTGTGTC
CTGAAGGATAA
AGTGTGTGTGT
GGCGAACTGCA
CACCCACAAGT
TCTAAGCTGTA
AAACATAGCAT
AGTGTGTGTGT
AGTGTGTGTGT
TTAATTTAGAA
AAAAAAGAAAA
TAAGACAAAGT
AGCAACAACAA
CAGCGGATCCC
AAACCGCCGAG
CGTAACATGGA
AAAGCAGGCAC
AAAGAAAAGTG
TCACAAAAAGG
AAAAGTTCAAA
AAAATTTCCTT
CTTTTTTCGCA
GCCACAGCTAA
TACATTTACAG
GTGTGTTTATT
TTGAAAAAATT
AATGTCAGACA
CTGCATTGCAA
TGTTGATGCTT
GCGCTGCCAAC
GCAGTCGATCC
CACACCGACAC
AGTGTGTGTGT
ACTGCCAGAGC
CTATTAATGAA
AAAACATACTC
GTCAACGTCAA
ATATTTGGCCC
TCCTCATCCTC
CTTGGCTGCAT
GAAAGGAGTAA
AATAAACTTCA
TTTTAATTAAA
AAAAACACATT
CTTCTTCAAGA
GTGTGTTTATT
CAATTTCTAAT
TTTAATAATAA
TTTCTCCTTAG
CCATATTTGGC
GCCAAAAAAGA
AATTTTAAAAG
TGCGAGGGAAG
GTTCTTATTTC
TTTATTTTTAA
GAAGTCCAAGC
AGTCCAAGCAG
GCCTTTTGTTT
AATCAAAGATT
AATGATGCTGA
CAAAGCTGCGC
GAGTCCGGAAA
CTTTCAAATAT
ATTTAAAGAAT
AGTTTTAATTA
GCCAAAAAAGA
GAACTGCATTG
TGGAAAATATT
CTTTCTCCTTA
CAGAAACGTCG
TGCAGCAGAAT
TTTTTCATTTT
TAATTTGTTTC
TTCTTCATCAT
TTTGCCTTTTG
TAAATAATGTA
CCAAATGAAAA
CCTGAAGTCCA
AATTTCCTTAC
CCTTTTGTTTT
ATAATGTAAAT
GCTCTGCAAAT
GCGGAAATCGA
TTGTTTTTAAT
GAGACGCAACA
CACAAAAAGGC
AAATAAATAAT
CAAATGAAAAG
TTTTTCATTTT
TGCCAACTGTC
AGTTCTTCATC
STRG.4.1
CTTTAAAAACACATT
CAGAAGGTACATTA
TTTAAAAACACATT
AATTAAATAAAAAC
GAATTTGATTTTA
AGAAGGTACATTA
GCCACAGCAATTG
GCTTTTGCATTCT
ATGCTAATAATTA
TTCAACCAAATCG
TAAAAACAAAAGT
TTATTGCCGTCAT
TTAAAAACACATT
ACACAACTCATTT
CACATTGCACTGG
ACAGTCTGCACCC
AATGAAATCGAAA
ATTAAATAAAAAC
AATTTGATTTTA
GAAGGTACATTA
AGAAAACTGTTG
CCACAGCAATTG
CTTTTGCATTCT
ATACATATGTAT
TGCTAATAATTA
GTGTGCCTTTAG
TTACGCACTTTA
TCAACCAAATCG
AAAAACAAAAGT
TGTACATACATA
ATACATATGTAT
TATTGCCGTCAT
TAAAAACACATT
ATGTATATTCTT
ATACATACACAT
CACAACTCATTT
CCGATGCATTGG
ACATTGCACTGG
TCATTTTCCTGC
GTTTAATTAAAA
CAGTCTGCACCC
ATGAAATCGAAA
TTAAATAAAAAC
AAAAGCCAAGAC
TTTTGTTTTGC
ATTAAAACTAC
TTTTTAAATTG
GATGTCGCTGA
CAAAAGTGGTG
ATTTGATTTTA
CTTTAATGTAC
TTGTAGGTATT
AAGGTACATTA
TTTTTTAAATT
ATAAAAACAAT
GAAAACTGTTG
CACAGCAATTG
AAAAGAAAACT
TTTTGCATTCT
ACATATTTTGA
CACTGGCGACA
TAAATTCATTT
TCTTTAAATAG
TAAAAGCCAAG
AATCCTGCTTT
TACACCAGAAG
TACATATGTAT
TACATGTGTAC
GCTAATAATTA
AATATTTTATT
TGTGCCTTTAG
CTGTGCGAACA
ACTGATATTTT
TTACGCACTTT
TACGCACTTTA
TTTTCAAACTG
TGTCGCTGATG
CGTTGCTATTG
GCAATAAAATC
TTAAAAGTTTG
CAACCAAATCG
AATAAAAACAA
AAAACAAAAGT
GCAAAGCAATT
AGTGTGTTGTG
CCCTCCGCCTG
TCTGCTGTCTA
AAAATCAATGT
GTACATACATA
TACATTATTTA
AATTTGATTTT
GCTTTAAAATC
AAATGTCAAAA
TAGCTGCAAAA
AGACTCCAGCC
TACATATGTAT
AATAAAAACAA
AATTATTTTTC
TTCTGCTTTTG
ACACAACTCAT
CTGGCGACACC
TTCATTCATTT
ATTCATTTCCA
ATTCATTTCCA
AAAAACATTTG
ATTGCCGTCAT
AATTAAAACAA
CAAGTTTTTAA
AAAGCTTTAAA
GGAAATTTTTT
AAAAACACATT
CTTTAATGTAC
ACGGCGCTTGA
TGTATATTCTT
GTGGAGTTTTT
TACATACACAT
TGAAATCGAAA
ATATTTACATT
GGCAATGAAAT
GCTGAATAATT
ACAACTCATTT
TTTTTTTTGGC
CGATGCATTGG
TCCTGGCTTCG
CATTGCACTGG
TTTTGCACATT
CCCCACAACGC
CGGCAATAAAA
CATTTTCCTGC
TTTAATTAAAA
GATTTTTTTTG
AGTCTGCACCC
TACGTATATAA
AAGTATATGTT
TATCTACATTA
TGAAATCGAAA
GTATATGTTCT
ATTTTCGTGTG
ATATACATACA
AAAACGTTGCT
TAATGTACGAG
TAAATAAAAAC
TTTTCCTGCTG
GCTGAATAATT
ATGCAAATGCG
ATGATGGAAAT
AAAGCCAAGAC
AAAGTTTGATG
STRG.3.2
GTCCTCGGCATTGCC
TCCTCGGCATTGCC
AATAAAAAAGTGA
TACTTCCCCACTC
TACATACATACAT
TGCTGTGCCAAAA
CCTCGGCATTGCC
TTTTAAATATAA
ATAAAAAAGTGA
TTTTTATTTTTT
GCGAACTTTGGT
ATCGGAAGGCAG
CTTTAGTGAGTA
ACTTCCCCACTC
ACATACATACAT
GCTGGAAAAAAA
ATCGAACGAAGT
ATATGGATGCCT
GCTGTGCCAAAA
CTCGGCATTGCC
GAACTGTTTCG
CATCAAGCGCC
ATTGCATTCCA
ATACAATATTT
GGATGGAAATG
TTCATGTTTTT
GAGTTTTCCAT
TTTAAATATAA
TAAAAAAGTGA
CAAAAATATGC
TTTTATTTTTT
ATTGCACCAAA
GTGTCAAAAAC
AAAGGCGGTGG
ATTTTAAATAT
CGAACTTTGGT
CTTTGGTTGCG
GATTTCATTGC
TCGGAAGGCAG
TTAATAAATAA
GCTTTGGTTGC
TTTAGTGAGTA
ACAAAACTATA
CTTCCCCACTC
CATACATACAT
CATACATACAT
TTTAGTAGTTT
TGGCTTAATGG
GGGCAGGACAT
GAAAGCAAGCA
TGGTTTATAAC
CTGGAAAAAAA
TCGAACGAAGT
CTCGGTTCGCG
ACAATAGTTCG
AATAAATAAAA
TATAGGGATGT
GTAGGAATGCC
CTGTTCATGTT
CAAGCGCCGTT
TTGCAGCCATT
TAAATAAAATT
CAGCCAAAAAA
TATGGATGCCT
AAAATATTTTA
CTGTGCCAAAA
TTTTATTTTTT
TATGTATATAT
CCCTTTCCTTC
TCGGCATTGCC
TTAATGGAGCT
STRG.3.1
GTCCTCGGCATTGCC
TCCTCGGCATTGCC
AATAAAAAAGTGA
TACTTCCCCACTC
ATTGATTTTGCAG
TGCTGTGCCAAAA
CCTCGGCATTGCC
TTTTAAATATAA
ATAAAAAAGTGA
TTTTTATTTTTT
GCGAACTTTGGT
CTTTAGTGAGTA
ACAGGTGGAGAG
ACTTCCCCACTC
TTGATTTTGCAG
GCTGGAAAAAAA
ATATGGATGCCT
GCTGTGCCAAAA
CTCGGCATTGCC
ACATCGAGGTG
ATTGCATTCCA
ATACAATATTT
GGATGGAAATG
TTCATGTTTTT
GAGTTTTCCAT
TTTAAATATAA
TAAAAAAGTGA
CAAAAATATGC
TTTTATTTTTT
CCTTTGGATTG
AAAGGCGGTGG
ATTTTAAATAT
CGAACTTTGGT
ATCGGAAGGCA
TTAATAAATAA
TTTAGTGAGTA
ACAAAACTATA
CAGGTGGAGAG
CTTCCCCACTC
TTTAGTAGTTT
TGGCTTAATGG
GGGCAGGACAT
TGATTTTGCAG
GAAAGCAAGCA
TGGTTTATAAC
CTGGAAAAAAA
GTGGAGAGCAC
ACAATAGTTCG
AATAAATAAAA
TATAGGGATGT
GTAGGAATGCC
CTGTTCATGTT
TAAATAAAATT
TATGGATGCCT
AAAATATTTTA
CTGTGCCAAAA
TTTTATTTTTT
TCGGCATTGCC
TTAATGGAGCT
CAACAGTTTTC
STRG.3.3
GTCCTCGGCATTGCC
AAAATCCTTTGAGC
TCCTCGGCATTGCC
AAATCCTTTGAGC
AATAAAAAAGTGA
TACTTCCCCACTC
GAGACAATAATAA
TGCTGTGCCAAAA
CAAACCATTTTGT
CCTCGGCATTGCC
AATCCTTTGAGC
TTTTAAATATAA
ATAAAAAAGTGA
TTTTTATTTTTT
GCGAACTTTGGT
CTTTAGTGAGTA
ACTTCCCCACTC
GCTGGAAAAAAA
AGACAATAATAA
ATAAGCGATTCA
ATGATGTGCTGT
GCTGTGCCAAAA
AAACCATTTTGT
CTCGGCATTGCC
ATCCTTTGAGC
ATTGCATTCCA
ATACAATATTT
TTCATGTTTTT
GAGTTTTCCAT
TTTAAATATAA
TAAAAAAGTGA
CAAAAATATGC
TTTTATTTTTT
CAAACCATTTT
AAAGGCGGTGG
TATTTAATTTT
TAAAAACAAAT
ATTTTAAATAT
CGAACTTTGGT
AACCATTTTGT
TTAATAAATAA
TTTAGTGAGTA
ACAAAACTATA
CTTCCCCACTC
TTTAGTAGTTT
TGGCTTAATGG
GGGCAGGACAT
AGGGAGACAAT
GAAAGCAAGCA
GTTGTCCCAAG
TGGTTTATAAC
CTGGAAAAAAA
GACAATAATAA
TAAGCGATTCA
ACATTAAAATC
ACAATAGTTCG
AATAAATAAAA
TATAGGGATGT
AAAAACAAATA
GTAGGAATGCC
CTGTTCATGTT
AATATATTCAT
TAAATAAAATT
AAAATATTTTA
TGATGTGCTGT
CTGTGCCAAAA
TAAGTTACAGT
TTTAATTTTTT
AACCATTTTGT
TTTTATTTTTT
TCGGCATTGCC
TTAATGGAGCT
STRG.5.1
GAAGCAGCCATGTGT
CGGAATTTCAATATA
CAAGTGGAAAGGCA
AAATGGTACTGCAG
AAGCAGCCATGTGT
GGAATTTCAATATA
ATTTATTTCTCGT
GTGGTTTTTATTT
ATCCTGGTCCCCA
TGGTTTTTATTTG
AAGTGGAAAGGCA
ATGTCCTTCACTC
TTGGCAGCTGCCA
CCAAACCCCCAAT
AATGGTACTGCAG
CAAAAAAAAACAT
ATAAAATAAATAA
AAAAAAACATTGG
AAATTGCAGGAGG
AGCAGCCATGTGT
GAATTTCAATATA
TTGGTTGGAAAAT
TAAATAAGAAAAG
CATTTACCATGTT
TCTGGTTGCCAT
GGATTATTTTAA
TTTATTTCTCGT
TGGTTTTTATTT
TCCTGGTCCCCA
ATTATTTGATGA
GGTTTTTATTTG
TAAAAACAAATT
CACAAATTCAGC
AAAGCAAACAGC
AAAAAGTTTCCA
ATGCAAGTTTAG
CGGCAAAAAATT
CAGTTTAATGAT
TTTCCCAAAATG
AGTGGAAAGGCA
AACATCATCAAC
GAAGGAAAAGCA
AAAGCAAACAGC
CCCTTTATTACT
TGTCCTTCACTC
CAAAAAAACGTG
CTGGAAGATGGA
AAGTTGCACTTG
TGGCAGCTGCCA
TCGTCTGCAGCA
CAAACCCCCAAT
ATGGTACTGCAG
AAAAACATTTGC
AGGAAATCATTT
AAAAAAAAACAT
AATATTGCAAAT
AAAGTGCAGATA
ACGGAACAACTG
ATAAATAAGAAA
TAAAATAAATAA
AAAAAACATTGG
CATGCAGTCGCA
AATTGCAGGAGG
